c:\users\user\3dprojects\minecraft\minecraft\x64\debug\vc143.pdb
c:\users\user\3dprojects\minecraft\minecraft\x64\debug\vc143.idb
c:\users\user\3dprojects\minecraft\minecraft\x64\debug\glad.obj
c:\users\user\3dprojects\minecraft\minecraft\x64\debug\vertexarrayobject.obj
c:\users\user\3dprojects\minecraft\minecraft\x64\debug\texturemanager.obj
c:\users\user\3dprojects\minecraft\minecraft\x64\debug\shader.obj
c:\users\user\3dprojects\minecraft\minecraft\x64\debug\meshmanager.obj
c:\users\user\3dprojects\minecraft\minecraft\x64\debug\mesh.obj
c:\users\user\3dprojects\minecraft\minecraft\x64\debug\main.obj
c:\users\user\3dprojects\minecraft\minecraft\x64\debug\minecraft.res
c:\users\user\3dprojects\minecraft\minecraft\x64\debug\minecraft.ilk
c:\users\user\3dprojects\minecraft\x64\debug\minecraft.pdb
c:\users\user\3dprojects\minecraft\minecraft\x64\debug\minecraft.tlog\cl.command.1.tlog
c:\users\user\3dprojects\minecraft\minecraft\x64\debug\minecraft.tlog\cl.items.tlog
c:\users\user\3dprojects\minecraft\minecraft\x64\debug\minecraft.tlog\cl.read.1.tlog
c:\users\user\3dprojects\minecraft\minecraft\x64\debug\minecraft.tlog\cl.write.1.tlog
c:\users\user\3dprojects\minecraft\minecraft\x64\debug\minecraft.tlog\link-cvtres.read.1.tlog
c:\users\user\3dprojects\minecraft\minecraft\x64\debug\minecraft.tlog\link-cvtres.write.1.tlog
c:\users\user\3dprojects\minecraft\minecraft\x64\debug\minecraft.tlog\link-rc.read.1.tlog
c:\users\user\3dprojects\minecraft\minecraft\x64\debug\minecraft.tlog\link-rc.write.1.tlog
c:\users\user\3dprojects\minecraft\minecraft\x64\debug\minecraft.tlog\link.9908-cvtres.read.1.tlog
c:\users\user\3dprojects\minecraft\minecraft\x64\debug\minecraft.tlog\link.9908-cvtres.write.1.tlog
c:\users\user\3dprojects\minecraft\minecraft\x64\debug\minecraft.tlog\link.9908-rc.read.1.tlog
c:\users\user\3dprojects\minecraft\minecraft\x64\debug\minecraft.tlog\link.9908-rc.write.1.tlog
c:\users\user\3dprojects\minecraft\minecraft\x64\debug\minecraft.tlog\link.9908.read.1.tlog
c:\users\user\3dprojects\minecraft\minecraft\x64\debug\minecraft.tlog\link.9908.read.2.tlog
c:\users\user\3dprojects\minecraft\minecraft\x64\debug\minecraft.tlog\link.9908.write.1.tlog
c:\users\user\3dprojects\minecraft\minecraft\x64\debug\minecraft.tlog\link.command.1.tlog
c:\users\user\3dprojects\minecraft\minecraft\x64\debug\minecraft.tlog\link.read.1.tlog
c:\users\user\3dprojects\minecraft\minecraft\x64\debug\minecraft.tlog\link.read.2.tlog
c:\users\user\3dprojects\minecraft\minecraft\x64\debug\minecraft.tlog\link.secondary.1.tlog
c:\users\user\3dprojects\minecraft\minecraft\x64\debug\minecraft.tlog\link.write.1.tlog
c:\users\user\3dprojects\minecraft\minecraft\x64\debug\minecraft.tlog\rc.command.1.tlog
c:\users\user\3dprojects\minecraft\minecraft\x64\debug\minecraft.tlog\rc.read.1.tlog
c:\users\user\3dprojects\minecraft\minecraft\x64\debug\minecraft.tlog\rc.write.1.tlog
