  Main.cpp
C:\Users\user\3DProjects\Minecraft\Main.cpp(336,21): warning C4244: 'başlatılıyor': 'double' - 'float' dönüşümü; veri kaybı olabilir
C:\Users\user\3DProjects\Minecraft\Main.cpp(355,29): warning C4244: '=': 'double' - 'float' dönüşümü; veri kaybı olabilir
LINK : warning LNK4098: defaultlib 'MSVCRTD' diğer kitaplıkların kullanımı ile çakışıyor; /NODEFAULTLIB:library kullanın
  Kod üretiliyor
  1 of 620 functions ( 0.2%) were compiled, the rest were copied from previous compilation.
    0 functions were new in current compilation
    7 functions had inline decision re-evaluated but remain unchanged
  Kodun üretilmesi tamamlandı
glfw3.lib(context.obj) : warning LNK4099: PDB '', 'glfw3.lib(context.obj)' ile veya '' üzerinde bulunamadı; nesne, hata ayıklama bilgileri yokmuş gibi bağlanıyor
glfw3.lib(input.obj) : warning LNK4099: PDB '', 'glfw3.lib(input.obj)' ile veya '' üzerinde bulunamadı; nesne, hata ayıklama bilgileri yokmuş gibi bağlanıyor
glfw3.lib(init.obj) : warning LNK4099: PDB '', 'glfw3.lib(init.obj)' ile veya '' üzerinde bulunamadı; nesne, hata ayıklama bilgileri yokmuş gibi bağlanıyor
glfw3.lib(window.obj) : warning LNK4099: PDB '', 'glfw3.lib(window.obj)' ile veya '' üzerinde bulunamadı; nesne, hata ayıklama bilgileri yokmuş gibi bağlanıyor
glfw3.lib(win32_thread.obj) : warning LNK4099: PDB '', 'glfw3.lib(win32_thread.obj)' ile veya '' üzerinde bulunamadı; nesne, hata ayıklama bilgileri yokmuş gibi bağlanıyor
glfw3.lib(win32_time.obj) : warning LNK4099: PDB '', 'glfw3.lib(win32_time.obj)' ile veya '' üzerinde bulunamadı; nesne, hata ayıklama bilgileri yokmuş gibi bağlanıyor
glfw3.lib(platform.obj) : warning LNK4099: PDB '', 'glfw3.lib(platform.obj)' ile veya '' üzerinde bulunamadı; nesne, hata ayıklama bilgileri yokmuş gibi bağlanıyor
glfw3.lib(monitor.obj) : warning LNK4099: PDB '', 'glfw3.lib(monitor.obj)' ile veya '' üzerinde bulunamadı; nesne, hata ayıklama bilgileri yokmuş gibi bağlanıyor
glfw3.lib(vulkan.obj) : warning LNK4099: PDB '', 'glfw3.lib(vulkan.obj)' ile veya '' üzerinde bulunamadı; nesne, hata ayıklama bilgileri yokmuş gibi bağlanıyor
glfw3.lib(win32_init.obj) : warning LNK4099: PDB '', 'glfw3.lib(win32_init.obj)' ile veya '' üzerinde bulunamadı; nesne, hata ayıklama bilgileri yokmuş gibi bağlanıyor
glfw3.lib(null_init.obj) : warning LNK4099: PDB '', 'glfw3.lib(null_init.obj)' ile veya '' üzerinde bulunamadı; nesne, hata ayıklama bilgileri yokmuş gibi bağlanıyor
glfw3.lib(win32_module.obj) : warning LNK4099: PDB '', 'glfw3.lib(win32_module.obj)' ile veya '' üzerinde bulunamadı; nesne, hata ayıklama bilgileri yokmuş gibi bağlanıyor
glfw3.lib(win32_monitor.obj) : warning LNK4099: PDB '', 'glfw3.lib(win32_monitor.obj)' ile veya '' üzerinde bulunamadı; nesne, hata ayıklama bilgileri yokmuş gibi bağlanıyor
glfw3.lib(win32_window.obj) : warning LNK4099: PDB '', 'glfw3.lib(win32_window.obj)' ile veya '' üzerinde bulunamadı; nesne, hata ayıklama bilgileri yokmuş gibi bağlanıyor
glfw3.lib(win32_joystick.obj) : warning LNK4099: PDB '', 'glfw3.lib(win32_joystick.obj)' ile veya '' üzerinde bulunamadı; nesne, hata ayıklama bilgileri yokmuş gibi bağlanıyor
glfw3.lib(wgl_context.obj) : warning LNK4099: PDB '', 'glfw3.lib(wgl_context.obj)' ile veya '' üzerinde bulunamadı; nesne, hata ayıklama bilgileri yokmuş gibi bağlanıyor
glfw3.lib(egl_context.obj) : warning LNK4099: PDB '', 'glfw3.lib(egl_context.obj)' ile veya '' üzerinde bulunamadı; nesne, hata ayıklama bilgileri yokmuş gibi bağlanıyor
glfw3.lib(osmesa_context.obj) : warning LNK4099: PDB '', 'glfw3.lib(osmesa_context.obj)' ile veya '' üzerinde bulunamadı; nesne, hata ayıklama bilgileri yokmuş gibi bağlanıyor
glfw3.lib(null_monitor.obj) : warning LNK4099: PDB '', 'glfw3.lib(null_monitor.obj)' ile veya '' üzerinde bulunamadı; nesne, hata ayıklama bilgileri yokmuş gibi bağlanıyor
glfw3.lib(null_window.obj) : warning LNK4099: PDB '', 'glfw3.lib(null_window.obj)' ile veya '' üzerinde bulunamadı; nesne, hata ayıklama bilgileri yokmuş gibi bağlanıyor
glfw3.lib(null_joystick.obj) : warning LNK4099: PDB '', 'glfw3.lib(null_joystick.obj)' ile veya '' üzerinde bulunamadı; nesne, hata ayıklama bilgileri yokmuş gibi bağlanıyor
  Minecraft.vcxproj -> C:\Users\user\3DProjects\Minecraft\x64\Release\Minecraft.exe
